<?xml version="1.0" encoding="UTF-8"?>
<!-- Generated by org.testng.reporters.JUnitReportReporter -->
<testsuite hostname="DESKTOP-N995C3G" failures="0" tests="1" name="testCaseBestBuy.CartTestBB" time="64.392" errors="0" timestamp="2023-05-24T11:16:23 IST" skipped="0">
  <testcase classname="testCaseBestBuy.CartTestBB" name="tc_06_SearchAddItemInCart" time="64.392"/>
  <system-out/>
</testsuite> <!-- testCaseBestBuy.CartTestBB -->
