<?xml version="1.0" encoding="UTF-8"?>
<!-- Generated by org.testng.reporters.JUnitReportReporter -->
<testsuite hostname="DESKTOP-N995C3G" failures="0" tests="11" name="testCaseBestBuy.CreatAccountTestBB" time="310.894" errors="0" timestamp="2023-05-21T17:00:49 IST" skipped="0">
  <testcase classname="testCaseBestBuy.CreatAccountTestBB" name="tc_03_validateCreatAccountFunctionality" time="25.970"/>
  <system-out/>
  <testcase classname="testCaseBestBuy.CreatAccountTestBB" name="tc_03_validateCreatAccountFunctionality" time="25.775"/>
  <system-out/>
  <testcase classname="testCaseBestBuy.CreatAccountTestBB" name="tc_03_validateCreatAccountFunctionality" time="26.819"/>
  <system-out/>
  <testcase classname="testCaseBestBuy.CreatAccountTestBB" name="tc_03_validateCreatAccountFunctionality" time="25.747"/>
  <system-out/>
  <testcase classname="testCaseBestBuy.CreatAccountTestBB" name="tc_03_validateCreatAccountFunctionality" time="25.584"/>
  <system-out/>
  <testcase classname="testCaseBestBuy.CreatAccountTestBB" name="tc_03_validateCreatAccountFunctionality" time="25.502"/>
  <system-out/>
  <testcase classname="testCaseBestBuy.CreatAccountTestBB" name="tc_03_validateCreatAccountFunctionality" time="25.294"/>
  <system-out/>
  <testcase classname="testCaseBestBuy.CreatAccountTestBB" name="tc_03_validateCreatAccountFunctionality" time="25.817"/>
  <system-out/>
  <testcase classname="testCaseBestBuy.CreatAccountTestBB" name="tc_03_validateCreatAccountFunctionality" time="25.057"/>
  <system-out/>
  <testcase classname="testCaseBestBuy.CreatAccountTestBB" name="tc_03_validateCreatAccountFunctionality" time="26.802"/>
  <system-out/>
  <testcase classname="testCaseBestBuy.CreatAccountTestBB" name="tc_03_validateCreatAccountFunctionality" time="52.527"/>
  <system-out/>
</testsuite> <!-- testCaseBestBuy.CreatAccountTestBB -->
