<?xml version="1.0" encoding="UTF-8"?>
<!-- Generated by org.testng.reporters.JUnitReportReporter -->
<testsuite hostname="DESKTOP-N995C3G" failures="0" tests="1" name="testCaseBestBuy.LocationTestBB" time="4.832" errors="0" timestamp="2023-05-24T15:05:44 IST" skipped="0">
  <testcase classname="testCaseBestBuy.LocationTestBB" name="tc_01_validateBBUrlLaunched" time="4.832"/>
  <system-out/>
</testsuite> <!-- testCaseBestBuy.LocationTestBB -->
