<?xml version="1.0" encoding="UTF-8"?>
<!-- Generated by org.testng.reporters.JUnitReportReporter -->
<testsuite hostname="DESKTOP-N995C3G" failures="0" tests="1" name="testCaseBestBuy.HomeTestBB" time="33.921" errors="0" timestamp="2023-05-23T21:33:34 IST" skipped="0">
  <testcase classname="testCaseBestBuy.HomeTestBB" name="tc_05_validateLinkInBottomOfHomePage" time="33.921"/>
  <system-out/>
</testsuite> <!-- testCaseBestBuy.HomeTestBB -->
