<?xml version="1.0" encoding="UTF-8"?>
<!-- Generated by org.testng.reporters.JUnitReportReporter -->
<testsuite hostname="DESKTOP-N995C3G" failures="0" tests="2" name="testCaseBestBuy.CartTestBB" time="72.323" errors="0" timestamp="2023-05-24T19:41:51 IST" skipped="0">
  <testcase classname="testCaseBestBuy.CartTestBB" name="tc_06_SearchAddItemInCart" time="36.981"/>
  <system-out/>
  <testcase classname="testCaseBestBuy.CartTestBB" name="tc_07_selAddItemShopByDeptMenu" time="35.342"/>
  <system-out/>
</testsuite> <!-- testCaseBestBuy.CartTestBB -->
